2025-05-28 14:41:32,542 - INFO - Path 'C:\Users\austisnyder\Documents\GitHub\PoE-Economy-Analysis\file_management\files\raw_listings.json' does not exist. Creating with default []

2025-05-28 14:45:01,634 - WARNING - Failed to decode JSON from C:\Users\austisnyder\Documents\GitHub\PoE-Economy-Analysis\file_management\files\raw_listings.json. Returning default []

2025-05-28 14:48:24,420 - WARNING - Failed to decode JSON from C:\Users\austisnyder\Documents\GitHub\PoE-Economy-Analysis\file_management\files\raw_listings.json. Returning default []

2025-05-28 14:48:55,457 - WARNING - Failed to decode JSON from C:\Users\austisnyder\Documents\GitHub\PoE-Economy-Analysis\file_management\files\raw_listings.json. Returning default []

2025-05-28 14:48:55,460 - WARNING - Failed to decode JSON from C:\Users\austisnyder\Documents\GitHub\PoE-Economy-Analysis\file_management\files\raw_listings.json. Returning default []

2025-05-28 14:50:45,351 - WARNING - Failed to decode JSON from C:\Users\austisnyder\Documents\GitHub\PoE-Economy-Analysis\file_management\files\raw_listings.json. Returning default []

2025-05-28 14:50:45,352 - WARNING - Failed to decode JSON from C:\Users\austisnyder\Documents\GitHub\PoE-Economy-Analysis\file_management\files\raw_listings.json. Returning default []

2025-05-28 14:51:23,688 - WARNING - Failed to decode JSON from C:\Users\austisnyder\Documents\GitHub\PoE-Economy-Analysis\file_management\files\raw_listings.json. Returning default []

2025-05-28 14:51:23,688 - WARNING - Failed to decode JSON from C:\Users\austisnyder\Documents\GitHub\PoE-Economy-Analysis\file_management\files\raw_listings.json. Returning default []

2025-05-28 14:54:53,406 - WARNING - Failed to decode JSON from C:\Users\austisnyder\Documents\GitHub\PoE-Economy-Analysis\file_management\files\raw_listings.json. Returning default []

2025-05-28 14:54:53,406 - WARNING - Failed to decode JSON from C:\Users\austisnyder\Documents\GitHub\PoE-Economy-Analysis\file_management\files\raw_listings.json. Returning default []

2025-05-28 15:01:11,798 - WARNING - Failed to decode JSON from C:\Users\austisnyder\Documents\GitHub\PoE-Economy-Analysis\file_management\files\raw_listings.json. Returning default []

2025-05-28 15:01:11,798 - WARNING - Failed to decode JSON from C:\Users\austisnyder\Documents\GitHub\PoE-Economy-Analysis\file_management\files\raw_listings.json. Returning default []

2025-05-28 15:04:22,048 - WARNING - Failed to decode JSON from C:\Users\austisnyder\Documents\GitHub\PoE-Economy-Analysis\file_management\files\raw_listings.json. Returning default []

2025-05-28 15:04:22,048 - WARNING - Failed to decode JSON from C:\Users\austisnyder\Documents\GitHub\PoE-Economy-Analysis\file_management\files\raw_listings.json. Returning default []

2025-05-28 15:05:18,687 - WARNING - Failed to decode JSON from C:\Users\austisnyder\Documents\GitHub\PoE-Economy-Analysis\file_management\files\raw_listings.json. Returning default []

2025-05-28 15:05:18,687 - WARNING - Failed to decode JSON from C:\Users\austisnyder\Documents\GitHub\PoE-Economy-Analysis\file_management\files\raw_listings.json. Returning default []

2025-05-28 15:05:58,358 - WARNING - Failed to decode JSON from C:\Users\austisnyder\Documents\GitHub\PoE-Economy-Analysis\file_management\files\raw_listings.json. Returning default []

2025-05-28 15:05:58,362 - WARNING - Failed to decode JSON from C:\Users\austisnyder\Documents\GitHub\PoE-Economy-Analysis\file_management\files\raw_listings.json. Returning default []

2025-05-28 15:07:29,010 - WARNING - Failed to decode JSON from C:\Users\austisnyder\Documents\GitHub\PoE-Economy-Analysis\file_management\files\raw_listings.json. Returning default []

2025-05-28 15:07:29,010 - WARNING - Failed to decode JSON from C:\Users\austisnyder\Documents\GitHub\PoE-Economy-Analysis\file_management\files\raw_listings.json. Returning default []

2025-05-28 15:10:14,552 - WARNING - Failed to decode JSON from C:\Users\austisnyder\Documents\GitHub\PoE-Economy-Analysis\file_management\files\raw_listings.json. Returning default []

2025-05-28 15:10:14,552 - WARNING - Failed to decode JSON from C:\Users\austisnyder\Documents\GitHub\PoE-Economy-Analysis\file_management\files\raw_listings.json. Returning default []

2025-05-28 15:10:45,950 - WARNING - Failed to decode JSON from C:\Users\austisnyder\Documents\GitHub\PoE-Economy-Analysis\file_management\files\raw_listings.json. Returning default []

2025-05-28 15:10:45,950 - WARNING - Failed to decode JSON from C:\Users\austisnyder\Documents\GitHub\PoE-Economy-Analysis\file_management\files\raw_listings.json. Returning default []

2025-05-28 15:11:23,931 - WARNING - Failed to decode JSON from C:\Users\austisnyder\Documents\GitHub\PoE-Economy-Analysis\file_management\files\raw_listings.json. Returning default []

2025-05-28 15:11:23,936 - WARNING - Failed to decode JSON from C:\Users\austisnyder\Documents\GitHub\PoE-Economy-Analysis\file_management\files\raw_listings.json. Returning default []

2025-05-28 15:12:09,456 - WARNING - Failed to decode JSON from C:\Users\austisnyder\Documents\GitHub\PoE-Economy-Analysis\file_management\files\raw_listings.json. Returning default []

2025-05-28 15:12:09,456 - WARNING - Failed to decode JSON from C:\Users\austisnyder\Documents\GitHub\PoE-Economy-Analysis\file_management\files\raw_listings.json. Returning default []

2025-05-28 15:12:41,471 - WARNING - Failed to decode JSON from C:\Users\austisnyder\Documents\GitHub\PoE-Economy-Analysis\file_management\files\raw_listings.json. Returning default []

2025-05-28 15:12:41,472 - WARNING - Failed to decode JSON from C:\Users\austisnyder\Documents\GitHub\PoE-Economy-Analysis\file_management\files\raw_listings.json. Returning default []

2025-05-28 15:17:39,638 - WARNING - Failed to decode JSON from C:\Users\austisnyder\Documents\GitHub\PoE-Economy-Analysis\file_management\files\raw_listings.json. Returning default []

2025-05-28 15:17:39,638 - WARNING - Failed to decode JSON from C:\Users\austisnyder\Documents\GitHub\PoE-Economy-Analysis\file_management\files\raw_listings.json. Returning default []

2025-05-28 15:32:29,975 - WARNING - Failed to decode JSON from C:\Users\austisnyder\Documents\GitHub\PoE-Economy-Analysis\file_management\files\raw_listings.json. Returning default []

2025-05-28 15:32:29,975 - WARNING - Failed to decode JSON from C:\Users\austisnyder\Documents\GitHub\PoE-Economy-Analysis\file_management\files\raw_listings.json. Returning default []

2025-05-28 15:32:55,724 - WARNING - Failed to decode JSON from C:\Users\austisnyder\Documents\GitHub\PoE-Economy-Analysis\file_management\files\raw_listings.json. Returning default []

2025-05-28 15:32:55,724 - WARNING - Failed to decode JSON from C:\Users\austisnyder\Documents\GitHub\PoE-Economy-Analysis\file_management\files\raw_listings.json. Returning default []

2025-05-28 15:52:19,180 - WARNING - Failed to decode JSON from C:\Users\austisnyder\Documents\GitHub\PoE-Economy-Analysis\file_management\files\raw_listings.json. Returning default []

2025-05-28 15:52:19,181 - WARNING - Failed to decode JSON from C:\Users\austisnyder\Documents\GitHub\PoE-Economy-Analysis\file_management\files\raw_listings.json. Returning default []

2025-05-28 15:52:40,989 - WARNING - Failed to decode JSON from C:\Users\austisnyder\Documents\GitHub\PoE-Economy-Analysis\file_management\files\raw_listings.json. Returning default []

2025-05-28 15:52:40,992 - WARNING - Failed to decode JSON from C:\Users\austisnyder\Documents\GitHub\PoE-Economy-Analysis\file_management\files\raw_listings.json. Returning default []

2025-05-28 18:24:18,484 - INFO - Path 'C:\Users\13198\Downloads\Github\PoE-Economy-Analysis\file_management\dynamic_files\raw_listings.json' does not exist. Creating with default []

2025-05-28 18:24:18,485 - WARNING - Failed to decode JSON from C:\Users\13198\Downloads\Github\PoE-Economy-Analysis\file_management\dynamic_files\raw_listings.json. Returning default []

2025-05-28 18:24:18,485 - INFO - Path 'C:\Users\13198\Downloads\Github\PoE-Economy-Analysis\file_management\dynamic_files\global_poe2db_manager.pkl' does not exist. Creating with default None

2025-05-28 18:24:18,486 - ERROR - Exception in fetch_data: File at path C:\Users\13198\Downloads\Github\PoE-Economy-Analysis\file_management\dynamic_files\poe2db_bases.json from enum DataPath.POECD_BASES not found.
Traceback (most recent call last):
  File "C:\Users\13198\Downloads\Github\PoE-Economy-Analysis\shared\logging\logging_utils.py", line 9, in wrapper
    return func(*args, **kwargs)
           ^^^^^^^^^^^^^^^^^^^^^
  File "C:\Users\13198\Downloads\Github\PoE-Economy-Analysis\file_management\files_manager.py", line 76, in fetch_data
    raise FileNotFoundError(f"File at path {str(path)} from enum {data_path_e} not found.")
FileNotFoundError: File at path C:\Users\13198\Downloads\Github\PoE-Economy-Analysis\file_management\dynamic_files\poe2db_bases.json from enum DataPath.POECD_BASES not found.
2025-05-28 18:25:05,647 - WARNING - Failed to decode JSON from C:\Users\13198\Downloads\Github\PoE-Economy-Analysis\file_management\dynamic_files\raw_listings.json. Returning default []

2025-05-28 18:25:05,647 - WARNING - Failed to decode JSON from C:\Users\13198\Downloads\Github\PoE-Economy-Analysis\file_management\dynamic_files\raw_listings.json. Returning default []

2025-05-28 18:25:05,648 - ERROR - Exception in fetch_data: File at path C:\Users\13198\Downloads\Github\PoE-Economy-Analysis\file_management\dynamic_files\poe2db_bases.json from enum DataPath.POECD_BASES not found.
Traceback (most recent call last):
  File "C:\Users\13198\Downloads\Github\PoE-Economy-Analysis\shared\logging\logging_utils.py", line 9, in wrapper
    return func(*args, **kwargs)
           ^^^^^^^^^^^^^^^^^^^^^
  File "C:\Users\13198\Downloads\Github\PoE-Economy-Analysis\file_management\files_manager.py", line 75, in fetch_data
    raise FileNotFoundError(f"File at path {str(path)} from enum {data_path_e} not found.")
FileNotFoundError: File at path C:\Users\13198\Downloads\Github\PoE-Economy-Analysis\file_management\dynamic_files\poe2db_bases.json from enum DataPath.POECD_BASES not found.
2025-05-28 18:26:43,304 - WARNING - Failed to decode JSON from C:\Users\13198\Downloads\Github\PoE-Economy-Analysis\file_management\dynamic_files\raw_listings.json. Returning default []

2025-05-28 18:26:43,304 - WARNING - Failed to decode JSON from C:\Users\13198\Downloads\Github\PoE-Economy-Analysis\file_management\dynamic_files\raw_listings.json. Returning default []

2025-05-28 18:26:43,567 - INFO - Path 'C:\Users\13198\Downloads\Github\PoE-Economy-Analysis\file_management\dynamic_files\item_mods.pkl' does not exist. Creating with default {}

2025-05-28 18:26:43,569 - INFO - Processing query 1 of 144 queries.

2025-05-28 18:26:43,569 - ERROR - Exception in _post_for_search_id: 'classmethod' object is not callable
Traceback (most recent call last):
  File "C:\Users\13198\Downloads\Github\PoE-Economy-Analysis\shared\logging\logging_utils.py", line 9, in wrapper
    return func(*args, **kwargs)
           ^^^^^^^^^^^^^^^^^^^^^
TypeError: 'classmethod' object is not callable
2025-05-28 18:29:31,227 - WARNING - Failed to decode JSON from C:\Users\13198\Downloads\Github\PoE-Economy-Analysis\file_management\dynamic_files\raw_listings.json. Returning default []

2025-05-28 18:29:37,285 - WARNING - Failed to decode JSON from C:\Users\13198\Downloads\Github\PoE-Economy-Analysis\file_management\dynamic_files\raw_listings.json. Returning default []

2025-05-28 18:29:37,285 - WARNING - Failed to decode JSON from C:\Users\13198\Downloads\Github\PoE-Economy-Analysis\file_management\dynamic_files\raw_listings.json. Returning default []

2025-05-28 18:29:37,385 - INFO - Processing query 1 of 144 queries.

2025-05-28 18:29:37,386 - ERROR - Exception in _post_for_search_id: 'classmethod' object is not callable
Traceback (most recent call last):
  File "C:\Users\13198\Downloads\Github\PoE-Economy-Analysis\shared\logging\logging_utils.py", line 9, in wrapper
    return func(*args, **kwargs)
           ^^^^^^^^^^^^^^^^^^^^^
TypeError: 'classmethod' object is not callable
2025-05-28 18:33:18,358 - WARNING - Failed to decode JSON from C:\Users\13198\Downloads\Github\PoE-Economy-Analysis\file_management\dynamic_files\raw_listings.json. Returning default []

2025-05-28 18:33:18,503 - WARNING - Failed to decode JSON from C:\Users\13198\Downloads\Github\PoE-Economy-Analysis\file_management\dynamic_files\raw_listings.json. Returning default []

2025-05-28 18:33:21,055 - INFO - Processing query 1 of 144 queries.

2025-05-28 18:33:21,056 - ERROR - Exception in _post_for_search_id: 'classmethod' object is not callable
Traceback (most recent call last):
  File "C:\Users\13198\Downloads\Github\PoE-Economy-Analysis\shared\logging\logging_utils.py", line 9, in wrapper
    return func(*args, **kwargs)
           ^^^^^^^^^^^^^^^^^^^^^
TypeError: 'classmethod' object is not callable
2025-05-28 18:33:32,004 - WARNING - Failed to decode JSON from C:\Users\13198\Downloads\Github\PoE-Economy-Analysis\file_management\dynamic_files\raw_listings.json. Returning default []

2025-05-28 18:33:32,004 - WARNING - Failed to decode JSON from C:\Users\13198\Downloads\Github\PoE-Economy-Analysis\file_management\dynamic_files\raw_listings.json. Returning default []

2025-05-28 18:33:32,138 - INFO - Processing query 1 of 144 queries.

2025-05-28 18:33:32,138 - ERROR - Exception in _post_for_search_id: 'classmethod' object is not callable
Traceback (most recent call last):
  File "C:\Users\13198\Downloads\Github\PoE-Economy-Analysis\shared\logging\logging_utils.py", line 9, in wrapper
    return func(*args, **kwargs)
           ^^^^^^^^^^^^^^^^^^^^^
TypeError: 'classmethod' object is not callable
2025-05-28 18:34:19,350 - WARNING - Failed to decode JSON from C:\Users\13198\Downloads\Github\PoE-Economy-Analysis\file_management\dynamic_files\raw_listings.json. Returning default []

2025-05-28 18:34:19,350 - WARNING - Failed to decode JSON from C:\Users\13198\Downloads\Github\PoE-Economy-Analysis\file_management\dynamic_files\raw_listings.json. Returning default []

2025-05-28 18:34:19,478 - INFO - Processing query 1 of 144 queries.

2025-05-28 18:34:19,675 - INFO - Setting new limits.
	Account limits: [(100, 5, 60)]
	Account state: [(0, 5, 60)]
	IP limits: [(5, 10, 60), (15, 60, 300), (30, 300, 1800)]
	IP state: [(1, 10, 0), (1, 60, 0), (1, 300, 0)]

2025-05-28 18:34:19,808 - INFO - Setting new limits.
	Account limits: [(100, 5, 60)]
	Account state: [(0, 5, 60)]
	IP limits: [(12, 4, 10), (16, 12, 300)]
	IP state: [(1, 4, 0), (1, 12, 0)]

2025-05-28 18:34:20,424 - INFO - 36 valid query responses out of 36.

2025-05-28 18:38:28,336 - WARNING - Failed to decode JSON from C:\Users\13198\Downloads\Github\PoE-Economy-Analysis\file_management\dynamic_files\raw_listings.json. Returning default []

2025-05-28 18:38:28,336 - WARNING - Failed to decode JSON from C:\Users\13198\Downloads\Github\PoE-Economy-Analysis\file_management\dynamic_files\raw_listings.json. Returning default []

2025-05-28 18:38:28,455 - INFO - Processing query 1 of 144 queries.

2025-05-28 18:38:28,691 - INFO - Setting new limits.
	Account limits: [(100, 5, 60)]
	Account state: [(0, 5, 60)]
	IP limits: [(5, 10, 60), (15, 60, 300), (30, 300, 1800)]
	IP state: [(1, 10, 0), (1, 60, 0), (3, 300, 0)]

2025-05-28 18:38:28,836 - INFO - Setting new limits.
	Account limits: [(100, 5, 60)]
	Account state: [(0, 5, 60)]
	IP limits: [(12, 4, 10), (16, 12, 300)]
	IP state: [(1, 4, 0), (1, 12, 0)]

2025-05-28 18:39:07,396 - WARNING - Failed to decode JSON from C:\Users\13198\Downloads\Github\PoE-Economy-Analysis\file_management\dynamic_files\raw_listings.json. Returning default []

2025-05-28 18:39:07,396 - WARNING - Failed to decode JSON from C:\Users\13198\Downloads\Github\PoE-Economy-Analysis\file_management\dynamic_files\raw_listings.json. Returning default []

2025-05-28 18:39:07,513 - INFO - Processing query 1 of 144 queries.

2025-05-28 18:39:07,806 - INFO - Setting new limits.
	Account limits: [(100, 5, 60)]
	Account state: [(0, 5, 60)]
	IP limits: [(5, 10, 60), (15, 60, 300), (30, 300, 1800)]
	IP state: [(1, 10, 0), (2, 60, 0), (3, 300, 0)]

2025-05-28 18:39:07,806 - INFO - Total valid responses in 0.0 minutes: 0

2025-05-28 19:25:55,178 - ERROR - Exception in fetch_data: Expecting value: line 1 column 1 (char 0)
Traceback (most recent call last):
  File "C:\Users\13198\Downloads\Github\PoE-Economy-Analysis\shared\logging\logging_utils.py", line 9, in wrapper
    return func(*args, **kwargs)
           ^^^^^^^^^^^^^^^^^^^^^
  File "C:\Users\13198\Downloads\Github\PoE-Economy-Analysis\file_management\files_manager.py", line 84, in fetch_data
    data = json.load(file)  # This may fail, but if it does we want it to fail fast so don't catch the error
           ^^^^^^^^^^^^^^^
  File "C:\Users\13198\AppData\Local\Programs\Python\Python312\Lib\json\__init__.py", line 293, in load
    return loads(fp.read(),
           ^^^^^^^^^^^^^^^^
  File "C:\Users\13198\AppData\Local\Programs\Python\Python312\Lib\json\__init__.py", line 346, in loads
    return _default_decoder.decode(s)
           ^^^^^^^^^^^^^^^^^^^^^^^^^^
  File "C:\Users\13198\AppData\Local\Programs\Python\Python312\Lib\json\decoder.py", line 337, in decode
    obj, end = self.raw_decode(s, idx=_w(s, 0).end())
               ^^^^^^^^^^^^^^^^^^^^^^^^^^^^^^^^^^^^^^
  File "C:\Users\13198\AppData\Local\Programs\Python\Python312\Lib\json\decoder.py", line 355, in raw_decode
    raise JSONDecodeError("Expecting value", s, err.value) from None
json.decoder.JSONDecodeError: Expecting value: line 1 column 1 (char 0)
2025-05-28 19:27:40,119 - ERROR - Exception in fetch_data: Expecting value: line 1 column 1 (char 0)
Traceback (most recent call last):
  File "C:\Users\13198\Downloads\Github\PoE-Economy-Analysis\shared\logging\logging_utils.py", line 9, in wrapper
    return func(*args, **kwargs)
           ^^^^^^^^^^^^^^^^^^^^^
  File "C:\Users\13198\Downloads\Github\PoE-Economy-Analysis\file_management\files_manager.py", line 84, in fetch_data
    data = json.load(file)  # This may fail, but if it does we want it to fail fast so don't catch the error
           ^^^^^^^^^^^^^^^
  File "C:\Users\13198\AppData\Local\Programs\Python\Python312\Lib\json\__init__.py", line 293, in load
    return loads(fp.read(),
           ^^^^^^^^^^^^^^^^
  File "C:\Users\13198\AppData\Local\Programs\Python\Python312\Lib\json\__init__.py", line 346, in loads
    return _default_decoder.decode(s)
           ^^^^^^^^^^^^^^^^^^^^^^^^^^
  File "C:\Users\13198\AppData\Local\Programs\Python\Python312\Lib\json\decoder.py", line 337, in decode
    obj, end = self.raw_decode(s, idx=_w(s, 0).end())
               ^^^^^^^^^^^^^^^^^^^^^^^^^^^^^^^^^^^^^^
  File "C:\Users\13198\AppData\Local\Programs\Python\Python312\Lib\json\decoder.py", line 355, in raw_decode
    raise JSONDecodeError("Expecting value", s, err.value) from None
json.decoder.JSONDecodeError: Expecting value: line 1 column 1 (char 0)
2025-05-28 19:28:57,042 - INFO - Processing query 1 of 144 queries.

2025-05-28 19:28:57,227 - INFO - Setting new limits.
	Account limits: [(100, 5, 60)]
	Account state: [(0, 5, 60)]
	IP limits: [(5, 10, 60), (15, 60, 300), (30, 300, 1800)]
	IP state: [(1, 10, 0), (1, 60, 0), (1, 300, 0)]

2025-05-28 19:28:57,381 - INFO - Setting new limits.
	Account limits: [(100, 5, 60)]
	Account state: [(0, 5, 60)]
	IP limits: [(12, 4, 10), (16, 12, 300)]
	IP state: [(1, 4, 0), (1, 12, 0)]

2025-05-28 19:29:13,942 - INFO - Processing query 1 of 144 queries.

2025-05-28 19:29:14,113 - INFO - Setting new limits.
	Account limits: [(100, 5, 60)]
	Account state: [(0, 5, 60)]
	IP limits: [(5, 10, 60), (15, 60, 300), (30, 300, 1800)]
	IP state: [(1, 10, 0), (2, 60, 0), (2, 300, 0)]

2025-05-28 19:29:14,276 - INFO - Setting new limits.
	Account limits: [(100, 5, 60)]
	Account state: [(0, 5, 60)]
	IP limits: [(12, 4, 10), (16, 12, 300)]
	IP state: [(1, 4, 0), (1, 12, 0)]

2025-05-28 19:30:28,072 - INFO - Processing query 1 of 144 queries.

2025-05-28 19:30:28,262 - INFO - Setting new limits.
	Account limits: [(100, 5, 60)]
	Account state: [(0, 5, 60)]
	IP limits: [(5, 10, 60), (15, 60, 300), (30, 300, 1800)]
	IP state: [(1, 10, 0), (1, 60, 0), (3, 300, 0)]

2025-05-28 19:30:28,481 - INFO - Setting new limits.
	Account limits: [(100, 5, 60)]
	Account state: [(0, 5, 60)]
	IP limits: [(12, 4, 10), (16, 12, 300)]
	IP state: [(1, 4, 0), (1, 12, 0)]

2025-05-28 19:31:16,324 - INFO - Processing query 1 of 144 queries.

2025-05-28 19:31:16,619 - INFO - Setting new limits.
	Account limits: [(100, 5, 60)]
	Account state: [(0, 5, 60)]
	IP limits: [(5, 10, 60), (15, 60, 300), (30, 300, 1800)]
	IP state: [(1, 10, 0), (1, 60, 0), (4, 300, 0)]

2025-05-28 19:31:16,859 - INFO - Setting new limits.
	Account limits: [(100, 5, 60)]
	Account state: [(0, 5, 60)]
	IP limits: [(12, 4, 10), (16, 12, 300)]
	IP state: [(1, 4, 0), (1, 12, 0)]

2025-05-28 19:31:24,279 - INFO - 19 valid query responses out of 19.

2025-05-28 19:31:24,280 - INFO - Could not find mod with ID ('quarterstaff', 'explicit.stat_669069897', <ModAffixType.SUFFIX: 'suffix'>). Creating and caching.

2025-05-28 19:32:50,719 - INFO - Processing query 1 of 144 queries.

2025-05-28 19:32:50,898 - INFO - Setting new limits.
	Account limits: [(100, 5, 60)]
	Account state: [(0, 5, 60)]
	IP limits: [(5, 10, 60), (15, 60, 300), (30, 300, 1800)]
	IP state: [(1, 10, 0), (1, 60, 0), (5, 300, 0)]

2025-05-28 19:32:51,053 - INFO - Setting new limits.
	Account limits: [(100, 5, 60)]
	Account state: [(0, 5, 60)]
	IP limits: [(12, 4, 10), (16, 12, 300)]
	IP state: [(1, 4, 0), (1, 12, 0)]

2025-05-28 19:32:51,647 - INFO - 31 valid query responses out of 31.

2025-05-28 19:32:51,648 - INFO - Could not find mod with ID ('bow', 'implicit.stat_3885405204', None). Creating and caching.

2025-05-28 19:32:51,648 - INFO - Could not find mod with ID ('bow', 'explicit.stat_1940865751', <ModAffixType.PREFIX: 'prefix'>). Creating and caching.

2025-05-28 19:36:01,383 - INFO - Path 'C:\Users\13198\Downloads\Github\PoE-Economy-Analysis\file_management\dynamic_files\global_poe2db_manager.pkl' does not exist. Creating with default None

2025-05-28 19:38:26,410 - INFO - Processing query 1 of 144 queries.

2025-05-28 19:38:26,692 - INFO - Setting new limits.
	Account limits: [(100, 5, 60)]
	Account state: [(0, 5, 60)]
	IP limits: [(5, 10, 60), (15, 60, 300), (30, 300, 1800)]
	IP state: [(1, 10, 0), (1, 60, 0), (1, 300, 0)]

2025-05-28 19:38:26,842 - INFO - Setting new limits.
	Account limits: [(100, 5, 60)]
	Account state: [(0, 5, 60)]
	IP limits: [(12, 4, 10), (16, 12, 300)]
	IP state: [(1, 4, 0), (1, 12, 0)]

2025-05-28 19:38:27,170 - INFO - 17 valid query responses out of 17.

2025-05-28 19:38:27,170 - INFO - Could not find mod with ID ('quarterstaff', 'implicit.stat_1702195217', None). Creating and caching.

2025-05-28 19:38:27,171 - INFO - Could not find mod with ID ('quarterstaff', 'explicit.stat_1368271171', <ModAffixType.SUFFIX: 'suffix'>). Creating and caching.

2025-05-28 19:38:27,176 - INFO - Could not find mod with ID ('quarterstaff', 'explicit.stat_1037193709', <ModAffixType.PREFIX: 'prefix'>). Creating and caching.

2025-05-28 19:38:27,176 - INFO - Could not find mod with ID ('quarterstaff', 'explicit.stat_1509134228', 'explicit.stat_691932474', <ModAffixType.PREFIX: 'prefix'>). Creating and caching.

2025-05-28 19:38:27,177 - INFO - Could not find mod with ID ('quarterstaff', 'explicit.stat_791928121', <ModAffixType.SUFFIX: 'suffix'>). Creating and caching.

2025-05-28 19:38:27,178 - INFO - Could not find mod with ID ('quarterstaff', 'explicit.stat_210067635', <ModAffixType.SUFFIX: 'suffix'>). Creating and caching.

2025-05-28 19:38:27,178 - INFO - Could not find mod with ID ('quarterstaff', 'fractured.stat_387439868', <ModAffixType.PREFIX: 'prefix'>). Creating and caching.

2025-05-28 19:38:27,180 - INFO - Could not find mod with ID ('quarterstaff', 'explicit.stat_709508406', <ModAffixType.PREFIX: 'prefix'>). Creating and caching.

2025-05-28 19:38:27,180 - INFO - Could not find mod with ID ('quarterstaff', 'explicit.stat_3695891184', <ModAffixType.SUFFIX: 'suffix'>). Creating and caching.

2025-05-28 19:38:27,180 - INFO - Could not find mod with ID ('quarterstaff', 'explicit.stat_55876295', <ModAffixType.SUFFIX: 'suffix'>). Creating and caching.

2025-05-28 19:38:27,180 - INFO - Could not find mod with ID ('quarterstaff', 'explicit.stat_1940865751', <ModAffixType.PREFIX: 'prefix'>). Creating and caching.

2025-05-28 19:38:27,181 - INFO - Could not find mod with ID ('quarterstaff', 'explicit.stat_3336890334', <ModAffixType.PREFIX: 'prefix'>). Creating and caching.

2025-05-28 19:38:27,184 - INFO - Could not find mod with ID ('quarterstaff', 'explicit.stat_9187492', <ModAffixType.SUFFIX: 'suffix'>). Creating and caching.

2025-05-28 19:38:27,184 - INFO - Could not find mod with ID ('quarterstaff', 'explicit.stat_518292764', <ModAffixType.SUFFIX: 'suffix'>). Creating and caching.

2025-05-28 19:38:27,185 - INFO - Could not find mod with ID ('quarterstaff', 'explicit.stat_1509134228', <ModAffixType.PREFIX: 'prefix'>). Creating and caching.

2025-05-28 19:38:27,185 - INFO - Could not find mod with ID ('quarterstaff', 'enchant.stat_210067635', None). Creating and caching.

2025-05-28 19:38:27,185 - INFO - Could not find mod with ID ('quarterstaff', 'fractured.stat_1368271171', <ModAffixType.SUFFIX: 'suffix'>). Creating and caching.

2025-05-28 19:38:27,187 - INFO - Could not find mod with ID ('quarterstaff', 'implicit.stat_548198834', None). Creating and caching.

2025-05-28 19:38:27,189 - INFO - Could not find mod with ID ('quarterstaff', 'explicit.stat_3639275092', <ModAffixType.SUFFIX: 'suffix'>). Creating and caching.

2025-05-28 19:38:27,189 - INFO - Could not find mod with ID ('quarterstaff', 'explicit.stat_691932474', <ModAffixType.PREFIX: 'prefix'>). Creating and caching.

2025-05-28 19:38:27,191 - INFO - Could not find mod with ID ('quarterstaff', 'explicit.stat_387439868', <ModAffixType.PREFIX: 'prefix'>). Creating and caching.

2025-05-28 19:38:27,192 - INFO - Could not find mod with ID ('quarterstaff', 'enchant.stat_3885634897', None). Creating and caching.

2025-05-28 19:38:27,194 - INFO - Could not find mod with ID ('quarterstaff', 'explicit.stat_2694482655', <ModAffixType.SUFFIX: 'suffix'>). Creating and caching.

2025-05-28 19:38:27,198 - INFO - Could not find mod with ID ('quarterstaff', 'explicit.stat_821021828', <ModAffixType.SUFFIX: 'suffix'>). Creating and caching.

2025-05-28 19:38:27,199 - INFO - Could not find mod with ID ('quarterstaff', 'explicit.stat_3261801346', <ModAffixType.SUFFIX: 'suffix'>). Creating and caching.

2025-05-28 19:38:27,200 - INFO - Could not find mod with ID ('quarterstaff', 'explicit.stat_669069897', <ModAffixType.SUFFIX: 'suffix'>). Creating and caching.

2025-05-28 19:38:27,203 - INFO - Could not find mod with ID ('quarterstaff', 'explicit.stat_1263695895', 'explicit.stat_691932474', <ModAffixType.SUFFIX: 'suffix'>). Creating and caching.

2025-05-28 19:38:27,206 - INFO - Could not find mod with ID ('quarterstaff', 'explicit.stat_328541901', <ModAffixType.SUFFIX: 'suffix'>). Creating and caching.

2025-05-28 19:38:27,206 - INFO - Could not find mod with ID ('quarterstaff', 'fractured.stat_3336890334', <ModAffixType.PREFIX: 'prefix'>). Creating and caching.

2025-05-28 19:38:27,208 - INFO - NEW LISTING DATA
None

2025-05-28 19:38:27,208 - ERROR - Exception in calculate: 'classmethod' object is not callable
Traceback (most recent call last):
  File "C:\Users\13198\Downloads\Github\PoE-Economy-Analysis\shared\logging\logging_utils.py", line 9, in wrapper
    return func(*args, **kwargs)
           ^^^^^^^^^^^^^^^^^^^^^
TypeError: 'classmethod' object is not callable
2025-05-28 19:38:47,583 - INFO - Processing query 1 of 144 queries.

2025-05-28 19:38:47,772 - INFO - Setting new limits.
	Account limits: [(100, 5, 60)]
	Account state: [(0, 5, 60)]
	IP limits: [(5, 10, 60), (15, 60, 300), (30, 300, 1800)]
	IP state: [(1, 10, 0), (2, 60, 0), (2, 300, 0)]

2025-05-28 19:38:47,931 - INFO - Setting new limits.
	Account limits: [(100, 5, 60)]
	Account state: [(0, 5, 60)]
	IP limits: [(12, 4, 10), (16, 12, 300)]
	IP state: [(1, 4, 0), (1, 12, 0)]

2025-05-28 19:38:48,139 - INFO - 13 valid query responses out of 13.

2025-05-28 19:38:48,140 - INFO - Could not find mod with ID ('crossbow', 'implicit.stat_1967051901', None). Creating and caching.

2025-05-28 19:38:48,140 - INFO - Could not find mod with ID ('crossbow', 'explicit.stat_669069897', <ModAffixType.SUFFIX: 'suffix'>). Creating and caching.

2025-05-28 19:38:48,141 - INFO - Could not find mod with ID ('crossbow', 'explicit.stat_691932474', <ModAffixType.PREFIX: 'prefix'>). Creating and caching.

2025-05-28 19:38:48,141 - INFO - Could not find mod with ID ('crossbow', 'explicit.stat_3261801346', <ModAffixType.SUFFIX: 'suffix'>). Creating and caching.

2025-05-28 19:38:48,141 - INFO - Could not find mod with ID ('crossbow', 'explicit.stat_3639275092', <ModAffixType.SUFFIX: 'suffix'>). Creating and caching.

2025-05-28 19:38:48,141 - INFO - Could not find mod with ID ('crossbow', 'explicit.stat_387439868', <ModAffixType.PREFIX: 'prefix'>). Creating and caching.

2025-05-28 19:38:48,141 - INFO - Could not find mod with ID ('crossbow', 'explicit.stat_3336890334', <ModAffixType.PREFIX: 'prefix'>). Creating and caching.

2025-05-28 19:38:48,143 - INFO - Could not find mod with ID ('crossbow', 'implicit.stat_1980802737', None). Creating and caching.

2025-05-28 19:38:48,143 - INFO - Could not find mod with ID ('crossbow', 'explicit.stat_1202301673', <ModAffixType.SUFFIX: 'suffix'>). Creating and caching.

2025-05-28 19:38:48,144 - INFO - Could not find mod with ID ('crossbow', 'explicit.stat_3695891184', <ModAffixType.SUFFIX: 'suffix'>). Creating and caching.

2025-05-28 19:38:48,144 - INFO - Could not find mod with ID ('crossbow', 'explicit.stat_518292764', <ModAffixType.SUFFIX: 'suffix'>). Creating and caching.

2025-05-28 19:38:48,144 - INFO - Could not find mod with ID ('crossbow', 'explicit.stat_709508406', <ModAffixType.PREFIX: 'prefix'>). Creating and caching.

2025-05-28 19:38:48,144 - INFO - Could not find mod with ID ('crossbow', 'explicit.stat_1509134228', <ModAffixType.PREFIX: 'prefix'>). Creating and caching.

2025-05-28 19:38:48,146 - INFO - Could not find mod with ID ('crossbow', 'explicit.stat_1368271171', <ModAffixType.SUFFIX: 'suffix'>). Creating and caching.

2025-05-28 19:38:48,146 - INFO - Could not find mod with ID ('crossbow', 'explicit.stat_1509134228', 'explicit.stat_691932474', <ModAffixType.PREFIX: 'prefix'>). Creating and caching.

2025-05-28 19:38:48,148 - INFO - Could not find mod with ID ('crossbow', 'explicit.stat_55876295', <ModAffixType.SUFFIX: 'suffix'>). Creating and caching.

2025-05-28 19:38:48,148 - INFO - Could not find mod with ID ('crossbow', 'explicit.stat_210067635', <ModAffixType.SUFFIX: 'suffix'>). Creating and caching.

2025-05-28 19:38:48,150 - INFO - Could not find mod with ID ('crossbow', 'explicit.stat_1037193709', <ModAffixType.PREFIX: 'prefix'>). Creating and caching.

2025-05-28 19:38:48,152 - INFO - Could not find mod with ID ('crossbow', 'explicit.stat_1940865751', <ModAffixType.PREFIX: 'prefix'>). Creating and caching.

2025-05-28 19:38:48,153 - INFO - Could not find mod with ID ('crossbow', 'explicit.stat_2694482655', <ModAffixType.SUFFIX: 'suffix'>). Creating and caching.

2025-05-28 19:38:48,155 - INFO - Could not find mod with ID ('crossbow', 'explicit.stat_4080418644', <ModAffixType.SUFFIX: 'suffix'>). Creating and caching.

2025-05-28 19:38:48,155 - INFO - Could not find mod with ID ('crossbow', 'enchant.stat_387439868', None). Creating and caching.

2025-05-28 19:38:48,156 - INFO - Could not find mod with ID ('crossbow', 'explicit.stat_1967051901', <ModAffixType.SUFFIX: 'suffix'>). Creating and caching.

2025-05-28 19:38:48,158 - INFO - Could not find mod with ID ('crossbow', 'implicit.stat_1803308202', None). Creating and caching.

2025-05-28 19:38:48,163 - INFO - NEW LISTING DATA
None

2025-05-28 19:38:48,164 - ERROR - Exception in calculate: 'classmethod' object is not callable
Traceback (most recent call last):
  File "C:\Users\13198\Downloads\Github\PoE-Economy-Analysis\shared\logging\logging_utils.py", line 9, in wrapper
    return func(*args, **kwargs)
           ^^^^^^^^^^^^^^^^^^^^^
TypeError: 'classmethod' object is not callable
2025-05-28 19:41:17,173 - INFO - Processing query 1 of 144 queries.

2025-05-28 19:41:17,461 - INFO - Setting new limits.
	Account limits: [(100, 5, 60)]
	Account state: [(0, 5, 60)]
	IP limits: [(5, 10, 60), (15, 60, 300), (30, 300, 1800)]
	IP state: [(1, 10, 0), (1, 60, 0), (3, 300, 0)]

2025-05-28 19:41:17,461 - INFO - Total valid responses in 0.0 minutes: 0

2025-05-28 19:41:17,462 - INFO - Processing query 2 of 144 queries.

2025-05-28 19:41:17,980 - INFO - Setting new limits.
	Account limits: [(100, 5, 60)]
	Account state: [(0, 5, 60)]
	IP limits: [(12, 4, 10), (16, 12, 300)]
	IP state: [(1, 4, 0), (1, 12, 0)]

2025-05-28 19:41:18,934 - INFO - 50 valid query responses out of 50.

2025-05-28 19:41:18,934 - INFO - Could not find mod with ID ('two_hand_mace', 'implicit.stat_1541903247', None). Creating and caching.

2025-05-28 19:41:18,935 - INFO - Could not find mod with ID ('two_hand_mace', 'explicit.stat_1509134228', 'explicit.stat_691932474', <ModAffixType.PREFIX: 'prefix'>). Creating and caching.

2025-05-28 19:41:18,935 - INFO - Could not find mod with ID ('two_hand_mace', 'explicit.stat_791928121', <ModAffixType.SUFFIX: 'suffix'>). Creating and caching.

2025-05-28 19:41:18,935 - INFO - Could not find mod with ID ('two_hand_mace', 'explicit.stat_1263695895', 'explicit.stat_691932474', <ModAffixType.SUFFIX: 'suffix'>). Creating and caching.

2025-05-28 19:41:18,935 - INFO - Could not find mod with ID ('two_hand_mace', 'explicit.stat_387439868', <ModAffixType.PREFIX: 'prefix'>). Creating and caching.

2025-05-28 19:41:18,935 - INFO - Could not find mod with ID ('two_hand_mace', 'explicit.stat_4080418644', <ModAffixType.SUFFIX: 'suffix'>). Creating and caching.

2025-05-28 19:41:18,935 - INFO - Could not find mod with ID ('two_hand_mace', 'enchant.stat_1037193709', None). Creating and caching.

2025-05-28 19:41:18,936 - INFO - Could not find mod with ID ('two_hand_mace', 'implicit.stat_791928121', None). Creating and caching.

2025-05-28 19:41:18,936 - INFO - Could not find mod with ID ('two_hand_mace', 'explicit.stat_55876295', <ModAffixType.SUFFIX: 'suffix'>). Creating and caching.

2025-05-28 19:41:18,937 - INFO - Could not find mod with ID ('two_hand_mace', 'explicit.stat_821021828', <ModAffixType.SUFFIX: 'suffix'>). Creating and caching.

2025-05-28 19:41:18,937 - INFO - Could not find mod with ID ('two_hand_mace', 'explicit.stat_210067635', <ModAffixType.SUFFIX: 'suffix'>). Creating and caching.

2025-05-28 19:41:18,937 - INFO - Could not find mod with ID ('two_hand_mace', 'explicit.stat_709508406', <ModAffixType.PREFIX: 'prefix'>). Creating and caching.

2025-05-28 19:41:18,938 - INFO - Could not find mod with ID ('two_hand_mace', 'explicit.stat_1037193709', <ModAffixType.PREFIX: 'prefix'>). Creating and caching.

2025-05-28 19:41:18,938 - INFO - Could not find mod with ID ('two_hand_mace', 'explicit.stat_1940865751', <ModAffixType.PREFIX: 'prefix'>). Creating and caching.

2025-05-28 19:41:18,938 - INFO - Could not find mod with ID ('two_hand_mace', 'explicit.stat_3639275092', <ModAffixType.SUFFIX: 'suffix'>). Creating and caching.

2025-05-28 19:41:18,939 - INFO - Could not find mod with ID ('two_hand_mace', 'implicit.stat_3675300253', None). Creating and caching.

2025-05-28 19:41:18,939 - INFO - Could not find mod with ID ('two_hand_mace', 'explicit.stat_691932474', <ModAffixType.PREFIX: 'prefix'>). Creating and caching.

2025-05-28 19:41:18,939 - INFO - Could not find mod with ID ('two_hand_mace', 'explicit.stat_1368271171', <ModAffixType.SUFFIX: 'suffix'>). Creating and caching.

2025-05-28 19:41:18,940 - INFO - Could not find mod with ID ('two_hand_mace', 'explicit.stat_2694482655', <ModAffixType.SUFFIX: 'suffix'>). Creating and caching.

2025-05-28 19:41:18,940 - INFO - Could not find mod with ID ('two_hand_mace', 'explicit.stat_1509134228', <ModAffixType.PREFIX: 'prefix'>). Creating and caching.

2025-05-28 19:41:18,940 - INFO - Could not find mod with ID ('two_hand_mace', 'explicit.stat_518292764', <ModAffixType.SUFFIX: 'suffix'>). Creating and caching.

2025-05-28 19:41:18,940 - INFO - Could not find mod with ID ('two_hand_mace', 'enchant.stat_210067635', None). Creating and caching.

2025-05-28 19:41:18,942 - INFO - Could not find mod with ID ('two_hand_mace', 'explicit.stat_3336890334', <ModAffixType.PREFIX: 'prefix'>). Creating and caching.

2025-05-28 19:41:18,943 - INFO - Could not find mod with ID ('two_hand_mace', 'explicit.stat_669069897', <ModAffixType.SUFFIX: 'suffix'>). Creating and caching.

2025-05-28 19:41:18,943 - INFO - Could not find mod with ID ('two_hand_mace', 'enchant.stat_1725749947', None). Creating and caching.

2025-05-28 19:41:18,945 - INFO - Could not find mod with ID ('two_hand_mace', 'explicit.stat_9187492', <ModAffixType.SUFFIX: 'suffix'>). Creating and caching.

2025-05-28 19:41:18,948 - INFO - Could not find mod with ID ('two_hand_mace', 'explicit.stat_3695891184', <ModAffixType.SUFFIX: 'suffix'>). Creating and caching.

2025-05-28 19:41:18,951 - INFO - Could not find mod with ID ('two_hand_mace', 'fractured.stat_1037193709', <ModAffixType.PREFIX: 'prefix'>). Creating and caching.

2025-05-28 19:41:18,952 - INFO - Could not find mod with ID ('two_hand_mace', 'fractured.stat_3336890334', <ModAffixType.PREFIX: 'prefix'>). Creating and caching.

2025-05-28 19:41:18,953 - INFO - Could not find mod with ID ('two_hand_mace', 'fractured.stat_691932474', <ModAffixType.PREFIX: 'prefix'>). Creating and caching.

2025-05-28 19:41:18,956 - INFO - Could not find mod with ID ('two_hand_mace', 'enchant.stat_3336890334', None). Creating and caching.

2025-05-28 19:41:18,957 - INFO - Could not find mod with ID ('two_hand_mace', 'fractured.stat_669069897', <ModAffixType.SUFFIX: 'suffix'>). Creating and caching.

2025-05-28 19:41:18,959 - INFO - Could not find mod with ID ('two_hand_mace', 'fractured.stat_709508406', <ModAffixType.PREFIX: 'prefix'>). Creating and caching.

2025-05-28 19:41:18,960 - INFO - Could not find mod with ID ('two_hand_mace', 'explicit.stat_748522257', <ModAffixType.SUFFIX: 'suffix'>). Creating and caching.

2025-05-28 19:41:18,964 - INFO - Could not find mod with ID ('two_hand_mace', 'fractured.stat_387439868', <ModAffixType.PREFIX: 'prefix'>). Creating and caching.

2025-05-28 19:41:18,968 - INFO - Could not find mod with ID ('two_hand_mace', 'fractured.stat_748522257', <ModAffixType.SUFFIX: 'suffix'>). Creating and caching.

2025-05-28 19:41:18,969 - INFO - Could not find mod with ID ('two_hand_mace', 'fractured.stat_4080418644', <ModAffixType.SUFFIX: 'suffix'>). Creating and caching.

2025-05-28 19:41:18,970 - INFO - Could not find mod with ID ('two_hand_mace', 'fractured.stat_55876295', <ModAffixType.SUFFIX: 'suffix'>). Creating and caching.

2025-05-28 19:41:18,972 - INFO - Could not find mod with ID ('two_hand_mace', 'fractured.stat_791928121', <ModAffixType.SUFFIX: 'suffix'>). Creating and caching.

2025-05-28 19:41:18,974 - INFO - Could not find mod with ID ('two_hand_mace', 'fractured.stat_1940865751', <ModAffixType.PREFIX: 'prefix'>). Creating and caching.

2025-05-28 19:41:18,975 - INFO - Could not find mod with ID ('two_hand_mace', 'fractured.stat_821021828', <ModAffixType.SUFFIX: 'suffix'>). Creating and caching.

2025-05-28 19:41:18,981 - INFO - Could not find mod with ID ('two_hand_mace', 'enchant.stat_1519615863', None). Creating and caching.

2025-05-28 19:41:18,984 - INFO - Could not find mod with ID ('two_hand_mace', 'enchant.stat_548198834', None). Creating and caching.

2025-05-28 19:41:18,986 - INFO - NEW LISTING DATA
None

2025-05-28 19:41:18,987 - INFO - Listing calculations:
None


2025-05-28 19:41:18,987 - ERROR - Exception in fetch_data: File at path C:\Users\13198\Downloads\Github\PoE-Economy-Analysis\file_management\dynamic_files\currency_prices.csv from enum DataPath.CURRENCY_CONVERSIONS not found.
Traceback (most recent call last):
  File "C:\Users\13198\Downloads\Github\PoE-Economy-Analysis\shared\logging\logging_utils.py", line 9, in wrapper
    return func(*args, **kwargs)
           ^^^^^^^^^^^^^^^^^^^^^
  File "C:\Users\13198\Downloads\Github\PoE-Economy-Analysis\file_management\files_manager.py", line 74, in fetch_data
    raise FileNotFoundError(f"File at path {str(path)} from enum {data_path_e} not found.")
FileNotFoundError: File at path C:\Users\13198\Downloads\Github\PoE-Economy-Analysis\file_management\dynamic_files\currency_prices.csv from enum DataPath.CURRENCY_CONVERSIONS not found.
2025-05-28 21:22:33,746 - INFO - Path '/Users/austinsnyder/GitHub/PoE-Economy-Analysis/file_management/dynamic_files/global_poe2db_manager.pkl' does not exist. Creating with default None

2025-05-28 21:22:33,905 - INFO - Processing query 1 of 144 queries.

2025-05-28 21:22:34,150 - INFO - Setting new limits.
	Account limits: [(3, 5, 60)]
	Account state: [(1, 5, 0)]
	IP limits: [(8, 10, 60), (15, 60, 120), (60, 300, 1800)]
	IP state: [(1, 10, 0), (1, 60, 0), (1, 300, 0)]

2025-05-28 21:22:34,295 - INFO - Setting new limits.
	Account limits: [(6, 4, 10)]
	Account state: [(1, 4, 0)]
	IP limits: [(12, 4, 60), (16, 12, 60)]
	IP state: [(1, 4, 0), (1, 12, 0)]

2025-05-28 21:22:59,166 - INFO - Processing query 1 of 144 queries.

2025-05-28 21:22:59,414 - INFO - Setting new limits.
	Account limits: [(3, 5, 60)]
	Account state: [(1, 5, 0)]
	IP limits: [(8, 10, 60), (15, 60, 120), (60, 300, 1800)]
	IP state: [(1, 10, 0), (2, 60, 0), (2, 300, 0)]

2025-05-28 21:22:59,559 - INFO - Setting new limits.
	Account limits: [(6, 4, 10)]
	Account state: [(1, 4, 0)]
	IP limits: [(12, 4, 60), (16, 12, 60)]
	IP state: [(1, 4, 0), (1, 12, 0)]

2025-05-28 21:22:59,563 - INFO - 7 valid query responses out of 7.

2025-05-29 07:17:00,392 - INFO - ['listing_id'] missing from Psql table 'listings'. Will return empty lists for those columns specifically.

2025-05-29 07:23:17,547 - INFO - ['listing_id'] missing from Psql table 'listings'. Will return empty lists for those columns specifically.

2025-05-29 07:23:45,189 - INFO - ['listing_id'] missing from Psql table 'listings'. Will return empty lists for those columns specifically.

2025-05-29 07:26:07,618 - INFO - ['listing_id'] missing from Psql table 'listings'. Will return empty lists for those columns specifically.

2025-05-29 07:26:21,714 - INFO - Processing query 1 of 144 queries.

2025-05-29 07:26:22,159 - INFO - Setting new limits.
	Account limits: [(3, 5, 60)]
	Account state: [(1, 5, 0)]
	IP limits: [(8, 10, 60), (15, 60, 120), (60, 300, 1800)]
	IP state: [(1, 10, 0), (1, 60, 0), (1, 300, 0)]

2025-05-29 07:26:22,456 - INFO - Setting new limits.
	Account limits: [(6, 4, 10)]
	Account state: [(1, 4, 0)]
	IP limits: [(12, 4, 60), (16, 12, 60)]
	IP state: [(1, 4, 0), (1, 12, 0)]

2025-05-29 07:26:31,174 - INFO - 100 valid query responses out of 100.

2025-05-29 07:29:27,773 - INFO - ['listing_id'] missing from Psql table 'listings'. Will return empty lists for those columns specifically.

2025-05-29 07:29:28,099 - INFO - Processing query 1 of 144 queries.

2025-05-29 07:29:28,532 - INFO - Setting new limits.
	Account limits: [(3, 5, 60)]
	Account state: [(1, 5, 0)]
	IP limits: [(8, 10, 60), (15, 60, 120), (60, 300, 1800)]
	IP state: [(1, 10, 0), (1, 60, 0), (1, 300, 0)]

2025-05-29 07:29:28,851 - INFO - Setting new limits.
	Account limits: [(6, 4, 10)]
	Account state: [(1, 4, 0)]
	IP limits: [(12, 4, 60), (16, 12, 60)]
	IP state: [(1, 4, 0), (1, 12, 0)]

2025-05-29 07:29:28,854 - INFO - 3 valid query responses out of 3.

2025-05-29 07:29:57,806 - INFO - ['listing_id'] missing from Psql table 'listings'. Will return empty lists for those columns specifically.

2025-05-29 07:33:53,767 - INFO - ['listing_id'] missing from Psql table 'listings'. Will return empty lists for those columns specifically.

2025-05-29 07:33:54,111 - INFO - Processing query 1 of 144 queries.

2025-05-29 07:33:54,524 - INFO - Setting new limits.
	Account limits: [(3, 5, 60)]
	Account state: [(1, 5, 0)]
	IP limits: [(8, 10, 60), (15, 60, 120), (60, 300, 1800)]
	IP state: [(1, 10, 0), (1, 60, 0), (2, 300, 0)]

2025-05-29 07:33:54,526 - INFO - Total valid responses in 0.0 minutes: 0

2025-05-29 07:33:54,530 - INFO - Processing query 2 of 144 queries.

2025-05-29 07:34:40,616 - INFO - ['listing_id'] missing from Psql table 'listings'. Will return empty lists for those columns specifically.

2025-05-29 07:34:40,991 - INFO - Processing query 1 of 144 queries.

2025-05-29 07:34:41,518 - INFO - Setting new limits.
	Account limits: [(3, 5, 60)]
	Account state: [(1, 5, 0)]
	IP limits: [(8, 10, 60), (15, 60, 120), (60, 300, 1800)]
	IP state: [(1, 10, 0), (2, 60, 0), (2, 300, 0)]

2025-05-29 07:34:41,520 - INFO - Total valid responses in 0.0 minutes: 0

2025-05-29 07:34:41,522 - INFO - Processing query 2 of 144 queries.

2025-05-29 07:34:47,303 - INFO - Setting new limits.
	Account limits: [(6, 4, 10)]
	Account state: [(1, 4, 0)]
	IP limits: [(12, 4, 60), (16, 12, 60)]
	IP state: [(1, 4, 0), (1, 12, 0)]

2025-05-29 07:34:47,909 - INFO - 21 valid query responses out of 21.

2025-05-29 07:34:47,909 - INFO - Could not find mod with ID ('bow', 'implicit.stat_1028592286', None). Creating and caching.

2025-05-29 07:34:47,910 - INFO - Could not find mod with ID ('bow', 'explicit.stat_1037193709', <ModAffixType.PREFIX: 'prefix'>). Creating and caching.

2025-05-29 07:34:47,913 - INFO - Could not find mod with ID ('bow', 'explicit.stat_1509134228', 'explicit.stat_691932474', <ModAffixType.PREFIX: 'prefix'>). Creating and caching.

2025-05-29 07:34:47,914 - INFO - Could not find mod with ID ('bow', 'explicit.stat_1368271171', <ModAffixType.SUFFIX: 'suffix'>). Creating and caching.

2025-05-29 07:34:47,914 - INFO - Could not find mod with ID ('bow', 'explicit.stat_518292764', <ModAffixType.SUFFIX: 'suffix'>). Creating and caching.

2025-05-29 07:34:47,914 - INFO - Could not find mod with ID ('bow', 'explicit.stat_3261801346', <ModAffixType.SUFFIX: 'suffix'>). Creating and caching.

2025-05-29 07:34:47,914 - INFO - Could not find mod with ID ('bow', 'explicit.stat_3336890334', <ModAffixType.PREFIX: 'prefix'>). Creating and caching.

2025-05-29 07:34:47,917 - INFO - Could not find mod with ID ('bow', 'implicit.stat_3885405204', None). Creating and caching.

2025-05-29 07:34:47,917 - INFO - Could not find mod with ID ('bow', 'explicit.stat_1509134228', <ModAffixType.PREFIX: 'prefix'>). Creating and caching.

2025-05-29 07:34:47,917 - INFO - Could not find mod with ID ('bow', 'explicit.stat_2694482655', <ModAffixType.SUFFIX: 'suffix'>). Creating and caching.

2025-05-29 07:34:47,917 - INFO - Could not find mod with ID ('bow', 'explicit.stat_55876295', <ModAffixType.SUFFIX: 'suffix'>). Creating and caching.

2025-05-29 07:34:47,917 - INFO - Could not find mod with ID ('bow', 'explicit.stat_669069897', <ModAffixType.SUFFIX: 'suffix'>). Creating and caching.

2025-05-29 07:34:47,918 - INFO - Could not find mod with ID ('bow', 'explicit.stat_1263695895', 'explicit.stat_691932474', <ModAffixType.SUFFIX: 'suffix'>). Creating and caching.

2025-05-29 07:34:47,918 - INFO - Could not find mod with ID ('bow', 'explicit.stat_1940865751', <ModAffixType.PREFIX: 'prefix'>). Creating and caching.

2025-05-29 07:34:47,919 - INFO - Could not find mod with ID ('bow', 'explicit.stat_709508406', <ModAffixType.PREFIX: 'prefix'>). Creating and caching.

2025-05-29 07:34:47,919 - INFO - Could not find mod with ID ('bow', 'explicit.stat_3695891184', <ModAffixType.SUFFIX: 'suffix'>). Creating and caching.

2025-05-29 07:34:47,920 - INFO - Could not find mod with ID ('bow', 'explicit.stat_210067635', <ModAffixType.SUFFIX: 'suffix'>). Creating and caching.

2025-05-29 07:34:47,920 - INFO - Could not find mod with ID ('bow', 'explicit.stat_387439868', <ModAffixType.PREFIX: 'prefix'>). Creating and caching.

2025-05-29 07:34:47,921 - INFO - Could not find mod with ID ('bow', 'explicit.stat_3639275092', <ModAffixType.SUFFIX: 'suffix'>). Creating and caching.

2025-05-29 07:34:47,922 - INFO - Could not find mod with ID ('bow', 'explicit.stat_691932474', <ModAffixType.PREFIX: 'prefix'>). Creating and caching.

2025-05-29 07:34:47,923 - INFO - Could not find mod with ID ('bow', 'explicit.stat_821021828', <ModAffixType.SUFFIX: 'suffix'>). Creating and caching.

2025-05-29 07:34:47,926 - INFO - Could not find mod with ID ('bow', 'explicit.stat_1202301673', <ModAffixType.SUFFIX: 'suffix'>). Creating and caching.

2025-05-29 07:34:47,935 - INFO - NEW LISTING DATA
None

2025-05-29 07:34:47,935 - INFO - Listing calculations:
None


2025-05-29 07:34:47,935 - ERROR - Exception in fetch_data: File at path /Users/austinsnyder/GitHub/PoE-Economy-Analysis/file_management/dynamic_files/currency_prices.csv from enum DataPath.CURRENCY_CONVERSIONS not found.
Traceback (most recent call last):
  File "/Users/austinsnyder/GitHub/PoE-Economy-Analysis/shared/logging/logging_utils.py", line 9, in wrapper
    return func(*args, **kwargs)
  File "/Users/austinsnyder/GitHub/PoE-Economy-Analysis/file_management/files_manager.py", line 74, in fetch_data
    raise FileNotFoundError(f"File at path {str(path)} from enum {data_path_e} not found.")
FileNotFoundError: File at path /Users/austinsnyder/GitHub/PoE-Economy-Analysis/file_management/dynamic_files/currency_prices.csv from enum DataPath.CURRENCY_CONVERSIONS not found.
2025-05-29 07:39:53,044 - INFO - ['listing_id'] missing from Psql table 'listings'. Will return empty lists for those columns specifically.

2025-05-29 07:39:53,414 - INFO - Processing query 1 of 144 queries.

2025-05-29 07:39:53,847 - INFO - Setting new limits.
	Account limits: [(3, 5, 60)]
	Account state: [(1, 5, 0)]
	IP limits: [(8, 10, 60), (15, 60, 120), (60, 300, 1800)]
	IP state: [(1, 10, 0), (1, 60, 0), (1, 300, 0)]

2025-05-29 07:39:54,327 - INFO - Setting new limits.
	Account limits: [(6, 4, 10)]
	Account state: [(1, 4, 0)]
	IP limits: [(12, 4, 60), (16, 12, 60)]
	IP state: [(1, 4, 0), (1, 12, 0)]

2025-05-29 07:39:54,720 - INFO - 20 valid query responses out of 20.

2025-05-29 07:39:54,720 - INFO - Could not find mod with ID ('two_hand_mace', 'explicit.stat_4080418644', <ModAffixType.SUFFIX: 'suffix'>). Creating and caching.

2025-05-29 07:39:54,722 - INFO - Could not find mod with ID ('two_hand_mace', 'explicit.stat_669069897', <ModAffixType.SUFFIX: 'suffix'>). Creating and caching.

2025-05-29 07:39:54,723 - INFO - Could not find mod with ID ('two_hand_mace', 'explicit.stat_387439868', <ModAffixType.PREFIX: 'prefix'>). Creating and caching.

2025-05-29 07:39:54,723 - INFO - Could not find mod with ID ('two_hand_mace', 'explicit.stat_1368271171', <ModAffixType.SUFFIX: 'suffix'>). Creating and caching.

2025-05-29 07:39:54,725 - INFO - Could not find mod with ID ('two_hand_mace', 'explicit.stat_9187492', <ModAffixType.SUFFIX: 'suffix'>). Creating and caching.

2025-05-29 07:39:54,725 - INFO - Could not find mod with ID ('two_hand_mace', 'explicit.stat_55876295', <ModAffixType.SUFFIX: 'suffix'>). Creating and caching.

2025-05-29 07:39:54,725 - INFO - Could not find mod with ID ('two_hand_mace', 'explicit.stat_709508406', <ModAffixType.PREFIX: 'prefix'>). Creating and caching.

2025-05-29 07:39:54,725 - INFO - Could not find mod with ID ('two_hand_mace', 'explicit.stat_1509134228', <ModAffixType.PREFIX: 'prefix'>). Creating and caching.

2025-05-29 07:39:54,726 - INFO - Could not find mod with ID ('two_hand_mace', 'explicit.stat_518292764', <ModAffixType.SUFFIX: 'suffix'>). Creating and caching.

2025-05-29 07:39:54,726 - INFO - Could not find mod with ID ('two_hand_mace', 'explicit.stat_748522257', <ModAffixType.SUFFIX: 'suffix'>). Creating and caching.

2025-05-29 07:39:54,726 - INFO - Could not find mod with ID ('two_hand_mace', 'explicit.stat_1037193709', <ModAffixType.PREFIX: 'prefix'>). Creating and caching.

2025-05-29 07:39:54,727 - INFO - Could not find mod with ID ('two_hand_mace', 'explicit.stat_821021828', <ModAffixType.SUFFIX: 'suffix'>). Creating and caching.

2025-05-29 07:39:54,727 - INFO - Could not find mod with ID ('two_hand_mace', 'explicit.stat_3695891184', <ModAffixType.SUFFIX: 'suffix'>). Creating and caching.

2025-05-29 07:39:54,728 - INFO - Could not find mod with ID ('two_hand_mace', 'explicit.stat_2694482655', <ModAffixType.SUFFIX: 'suffix'>). Creating and caching.

2025-05-29 07:39:54,728 - INFO - Could not find mod with ID ('two_hand_mace', 'explicit.stat_1509134228', 'explicit.stat_691932474', <ModAffixType.PREFIX: 'prefix'>). Creating and caching.

2025-05-29 07:39:54,730 - INFO - Could not find mod with ID ('two_hand_mace', 'implicit.stat_1541903247', None). Creating and caching.

2025-05-29 07:39:54,730 - INFO - Could not find mod with ID ('two_hand_mace', 'explicit.stat_3639275092', <ModAffixType.SUFFIX: 'suffix'>). Creating and caching.

2025-05-29 07:39:54,730 - INFO - Could not find mod with ID ('two_hand_mace', 'explicit.stat_1940865751', <ModAffixType.PREFIX: 'prefix'>). Creating and caching.

2025-05-29 07:39:54,731 - INFO - Could not find mod with ID ('two_hand_mace', 'implicit.stat_3675300253', None). Creating and caching.

2025-05-29 07:39:54,731 - INFO - Could not find mod with ID ('two_hand_mace', 'explicit.stat_691932474', <ModAffixType.PREFIX: 'prefix'>). Creating and caching.

2025-05-29 07:39:54,732 - INFO - Could not find mod with ID ('two_hand_mace', 'explicit.stat_3336890334', <ModAffixType.PREFIX: 'prefix'>). Creating and caching.

2025-05-29 07:39:54,733 - INFO - Could not find mod with ID ('two_hand_mace', 'explicit.stat_210067635', <ModAffixType.SUFFIX: 'suffix'>). Creating and caching.

2025-05-29 07:39:54,735 - INFO - Could not find mod with ID ('two_hand_mace', 'explicit.stat_791928121', <ModAffixType.SUFFIX: 'suffix'>). Creating and caching.

2025-05-29 07:39:54,735 - INFO - Could not find mod with ID ('two_hand_mace', 'implicit.stat_791928121', None). Creating and caching.

2025-05-29 07:39:54,741 - INFO - NEW LISTING DATA
None

2025-05-29 07:39:54,741 - INFO - Listing calculations:
None


2025-05-29 08:30:04,492 - INFO - Path 'C:\Users\austisnyder\Documents\GitHub\PoE-Economy-Analysis\file_management\dynamic_files\raw_listings.json' does not exist. Creating with default []

2025-05-29 08:30:04,493 - INFO - Path 'C:\Users\austisnyder\Documents\GitHub\PoE-Economy-Analysis\file_management\dynamic_files\global_poe2db_manager.pkl' does not exist. Creating with default None

2025-05-29 08:30:04,588 - INFO - Path 'C:\Users\austisnyder\Documents\GitHub\PoE-Economy-Analysis\file_management\dynamic_files\item_mods.pkl' does not exist. Creating with default {}

2025-05-29 08:30:04,595 - INFO - Processing query 1 of 144 queries.

2025-05-29 08:30:04,655 - ERROR - Exception in send_request: 403 Client Error: Forbidden for url: https://www.pathofexile.com/api/trade2/search/poe2/Dawn%20of%20the%20Hunt
Traceback (most recent call last):
  File "C:\Users\austisnyder\Documents\GitHub\PoE-Economy-Analysis\shared\logging\logging_utils.py", line 9, in wrapper
    return func(*args, **kwargs)
           ^^^^^^^^^^^^^^^^^^^^^
  File "C:\Users\austisnyder\Documents\GitHub\PoE-Economy-Analysis\trade_api\request_throttler.py", line 190, in send_request
    response.raise_for_status()
  File "C:\Users\austisnyder\Documents\GitHub\PoE-Economy-Analysis\.venv\Lib\site-packages\requests\models.py", line 1024, in raise_for_status
    raise HTTPError(http_error_msg, response=self)
requests.exceptions.HTTPError: 403 Client Error: Forbidden for url: https://www.pathofexile.com/api/trade2/search/poe2/Dawn%20of%20the%20Hunt
2025-05-29 08:30:04,669 - ERROR - Exception in _post_for_search_id: 403 Client Error: Forbidden for url: https://www.pathofexile.com/api/trade2/search/poe2/Dawn%20of%20the%20Hunt
Traceback (most recent call last):
  File "C:\Users\austisnyder\Documents\GitHub\PoE-Economy-Analysis\shared\logging\logging_utils.py", line 9, in wrapper
    return func(*args, **kwargs)
           ^^^^^^^^^^^^^^^^^^^^^
  File "C:\Users\austisnyder\Documents\GitHub\PoE-Economy-Analysis\trade_api\trade_items_fetcher.py", line 47, in _post_for_search_id
    response = cls.request_throttler.send_request(
               ^^^^^^^^^^^^^^^^^^^^^^^^^^^^^^^^^^^
  File "C:\Users\austisnyder\Documents\GitHub\PoE-Economy-Analysis\shared\logging\logging_utils.py", line 9, in wrapper
    return func(*args, **kwargs)
           ^^^^^^^^^^^^^^^^^^^^^
  File "C:\Users\austisnyder\Documents\GitHub\PoE-Economy-Analysis\trade_api\request_throttler.py", line 190, in send_request
    response.raise_for_status()
  File "C:\Users\austisnyder\Documents\GitHub\PoE-Economy-Analysis\.venv\Lib\site-packages\requests\models.py", line 1024, in raise_for_status
    raise HTTPError(http_error_msg, response=self)
requests.exceptions.HTTPError: 403 Client Error: Forbidden for url: https://www.pathofexile.com/api/trade2/search/poe2/Dawn%20of%20the%20Hunt
